#
# There is insufficient memory for the Java Runtime Environment to continue.
# Native memory allocation (mmap) failed to map 132120576 bytes for G1 virtual space
# Possible reasons:
#   The system is out of physical RAM or swap space
#   The process is running with CompressedOops enabled, and the Java Heap may be blocking the growth of the native heap
# Possible solutions:
#   Reduce memory load on the system
#   Increase physical memory or swap space
#   Check if swap backing store is full
#   Decrease Java heap size (-Xmx/-Xms)
#   Decrease number of Java threads
#   Decrease Java thread stack sizes (-Xss)
#   Set larger code cache with -XX:ReservedCodeCacheSize=
#   JVM is running with Unscaled Compressed Oops mode in which the Java heap is
#     placed in the first 4GB address space. The Java Heap base address is the
#     maximum limit for the native heap growth. Please use -XX:HeapBaseMinAddress
#     to set the Java Heap base and to place the Java Heap above 4GB virtual address.
# This output file may be truncated or incomplete.
#
#  Out of Memory Error (os_windows.cpp:3769), pid=3408, tid=8852
#
# JRE version:  (17.0.6) (build )
# Java VM: OpenJDK 64-Bit Server VM (17.0.6+0-b2043.56-10027231, mixed mode, sharing, tiered, compressed oops, compressed class ptrs, g1 gc, windows-amd64)
# No core dump will be written. Minidumps are not enabled by default on client versions of Windows
#

---------------  S U M M A R Y ------------

Command Line: 

Host: 11th Gen Intel(R) Core(TM) i5-1135G7 @ 2.40GHz, 8 cores, 7G,  Windows 11 , 64 bit Build 22621 (10.0.22621.3374)
Time: Tue May  7 23:00:38 2024 India Standard Time elapsed time: 0.025801 seconds (0d 0h 0m 0s)

---------------  T H R E A D  ---------------

Current thread (0x000002238ebfe500):  JavaThread "Unknown thread" [_thread_in_vm, id=8852, stack(0x0000003911400000,0x0000003911500000)]

Stack: [0x0000003911400000,0x0000003911500000]
Native frames: (J=compiled Java code, j=interpreted, Vv=VM code, C=native code)
V  [jvm.dll+0x683c9a]
V  [jvm.dll+0x8427a4]
V  [jvm.dll+0x843f9e]
V  [jvm.dll+0x844603]
V  [jvm.dll+0x249b75]
V  [jvm.dll+0x680b69]
V  [jvm.dll+0x67505a]
V  [jvm.dll+0x309acb]
V  [jvm.dll+0x310f86]
V  [jvm.dll+0x3608ee]
V  [jvm.dll+0x360b1f]
V  [jvm.dll+0x2dfbf8]
V  [jvm.dll+0x2e0b64]
V  [jvm.dll+0x814091]
V  [jvm.dll+0x36e6a1]
V  [jvm.dll+0x7f35cc]
V  [jvm.dll+0x3f0e8f]
V  [jvm.dll+0x3f29d1]
C  [jli.dll+0x526b]
C  [ucrtbase.dll+0x29333]
C  [KERNEL32.DLL+0x1257d]
C  [ntdll.dll+0x5aa48]


---------------  P R O C E S S  ---------------

Threads class SMR info:
_java_thread_list=0x00007ff9bccdc058, length=0, elements={
}

Java Threads: ( => current thread )

Other Threads:
  0x000002238ec58ae0 GCTaskThread "GC Thread#0" [stack: 0x0000003911500000,0x0000003911600000] [id=3572]
  0x000002238ec69360 ConcurrentGCThread "G1 Main Marker" [stack: 0x0000003911600000,0x0000003911700000] [id=1200]
  0x000002238ec69d70 ConcurrentGCThread "G1 Conc#0" [stack: 0x0000003911700000,0x0000003911800000] [id=12936]

[error occurred during error reporting (printing all threads), id 0xc0000005, EXCEPTION_ACCESS_VIOLATION (0xc0000005) at pc=0x00007ff9bc490797]

VM state: not at safepoint (not fully initialized)

VM Mutex/Monitor currently owned by a thread:  ([mutex/lock_event])
[0x000002238ebfb8b0] Heap_lock - owner thread: 0x000002238ebfe500

Heap address: 0x0000000083600000, size: 1994 MB, Compressed Oops mode: 32-bit

CDS archive(s) mapped at: [0x0000000000000000-0x0000000000000000-0x0000000000000000), size 0, SharedBaseAddress: 0x0000000800000000, ArchiveRelocationMode: 0.
Narrow klass base: 0x0000000000000000, Narrow klass shift: 0, Narrow klass range: 0x0

GC Precious Log:
<Empty>

Heap:
 garbage-first heap   total 0K, used 0K [0x0000000083600000, 0x0000000100000000)
  region size 1024K, 0 young (0K), 0 survivors (0K)

[error occurred during error reporting (printing heap information), id 0xc0000005, EXCEPTION_ACCESS_VIOLATION (0xc0000005) at pc=0x00007ff9bc87da89]

GC Heap History (0 events):
No events

Dll operation events (1 events):
Event: 0.008 Loaded shared library C:\Program Files\Android\Android Studio\jbr\bin\java.dll

Deoptimization events (0 events):
No events

Classes unloaded (0 events):
No events

Classes redefined (0 events):
No events

Internal exceptions (0 events):
No events

VM Operations (0 events):
No events

Events (0 events):
No events


Dynamic libraries:
0x00007ff7a8cd0000 - 0x00007ff7a8cda000 	C:\Program Files\Android\Android Studio\jbr\bin\java.EXE
0x00007ffa15a30000 - 0x00007ffa15c46000 	C:\Windows\SYSTEM32\ntdll.dll
0x00007ffa146c0000 - 0x00007ffa14784000 	C:\Windows\System32\KERNEL32.DLL
0x00007ffa133b0000 - 0x00007ffa13757000 	C:\Windows\System32\KERNELBASE.dll
0x00007ffa131d0000 - 0x00007ffa132e1000 	C:\Windows\System32\ucrtbase.dll
0x00007ff9fcf80000 - 0x00007ff9fcf97000 	C:\Program Files\Android\Android Studio\jbr\bin\jli.dll
0x00007ff9f8f40000 - 0x00007ff9f8f5b000 	C:\Program Files\Android\Android Studio\jbr\bin\VCRUNTIME140.dll
0x00007ffa14280000 - 0x00007ffa1442e000 	C:\Windows\System32\USER32.dll
0x00007ff9f8320000 - 0x00007ff9f85b3000 	C:\Windows\WinSxS\amd64_microsoft.windows.common-controls_6595b64144ccf1df_6.0.22621.3235_none_270f74e173860f98\COMCTL32.dll
0x00007ffa13090000 - 0x00007ffa130b6000 	C:\Windows\System32\win32u.dll
0x00007ffa14430000 - 0x00007ffa144d7000 	C:\Windows\System32\msvcrt.dll
0x00007ffa13760000 - 0x00007ffa13789000 	C:\Windows\System32\GDI32.dll
0x00007ffa12d50000 - 0x00007ffa12e69000 	C:\Windows\System32\gdi32full.dll
0x00007ffa130c0000 - 0x00007ffa1315a000 	C:\Windows\System32\msvcp_win.dll
0x00007ffa14790000 - 0x00007ffa147c1000 	C:\Windows\System32\IMM32.DLL
0x00007ffa08f90000 - 0x00007ffa08f9c000 	C:\Program Files\Android\Android Studio\jbr\bin\vcruntime140_1.dll
0x00007ff9c9400000 - 0x00007ff9c948d000 	C:\Program Files\Android\Android Studio\jbr\bin\msvcp140.dll
0x00007ff9bc1a0000 - 0x00007ff9bce0e000 	C:\Program Files\Android\Android Studio\jbr\bin\server\jvm.dll
0x00007ffa14a20000 - 0x00007ffa14ad2000 	C:\Windows\System32\ADVAPI32.dll
0x00007ffa150e0000 - 0x00007ffa15188000 	C:\Windows\System32\sechost.dll
0x00007ffa12e70000 - 0x00007ffa12e98000 	C:\Windows\System32\bcrypt.dll
0x00007ffa13790000 - 0x00007ffa138a5000 	C:\Windows\System32\RPCRT4.dll
0x00007ffa08b40000 - 0x00007ffa08b49000 	C:\Windows\SYSTEM32\WSOCK32.dll
0x00007ffa09010000 - 0x00007ffa0901a000 	C:\Windows\SYSTEM32\VERSION.dll
0x00007ffa14150000 - 0x00007ffa141c1000 	C:\Windows\System32\WS2_32.dll
0x00007ffa08de0000 - 0x00007ffa08e14000 	C:\Windows\SYSTEM32\WINMM.dll
0x00007ffa11e60000 - 0x00007ffa11e78000 	C:\Windows\SYSTEM32\kernel.appcore.dll
0x00007ffa078f0000 - 0x00007ffa078fa000 	C:\Program Files\Android\Android Studio\jbr\bin\jimage.dll
0x00007ffa104f0000 - 0x00007ffa10723000 	C:\Windows\SYSTEM32\DBGHELP.DLL
0x00007ffa138c0000 - 0x00007ffa13c48000 	C:\Windows\System32\combase.dll
0x00007ffa14c50000 - 0x00007ffa14d27000 	C:\Windows\System32\OLEAUT32.dll
0x00007ffa06950000 - 0x00007ffa06982000 	C:\Windows\SYSTEM32\dbgcore.DLL
0x00007ffa13010000 - 0x00007ffa13089000 	C:\Windows\System32\bcryptPrimitives.dll
0x00007ff9f8b00000 - 0x00007ff9f8b25000 	C:\Program Files\Android\Android Studio\jbr\bin\java.dll

dbghelp: loaded successfully - version: 4.0.5 - missing functions: none
symbol engine: initialized successfully - sym options: 0x614 - pdb path: .;C:\Program Files\Android\Android Studio\jbr\bin;C:\Windows\SYSTEM32;C:\Windows\WinSxS\amd64_microsoft.windows.common-controls_6595b64144ccf1df_6.0.22621.3235_none_270f74e173860f98;C:\Program Files\Android\Android Studio\jbr\bin\server

VM Arguments:
java_command: <unknown>
java_class_path (initial): <not set>
Launcher Type: SUN_STANDARD

[Global flags]
     intx CICompilerCount                          = 4                                         {product} {ergonomic}
     uint ConcGCThreads                            = 2                                         {product} {ergonomic}
     uint G1ConcRefinementThreads                  = 8                                         {product} {ergonomic}
   size_t G1HeapRegionSize                         = 1048576                                   {product} {ergonomic}
    uintx GCDrainStackTargetSize                   = 64                                        {product} {ergonomic}
   size_t InitialHeapSize                          = 132120576                                 {product} {ergonomic}
   size_t MarkStackSize                            = 4194304                                   {product} {ergonomic}
   size_t MaxHeapSize                              = 2090860544                                {product} {ergonomic}
   size_t MinHeapDeltaBytes                        = 1048576                                   {product} {ergonomic}
   size_t MinHeapSize                              = 8388608                                   {product} {ergonomic}
    uintx NonNMethodCodeHeapSize                   = 5839372                                {pd product} {ergonomic}
    uintx NonProfiledCodeHeapSize                  = 122909434                              {pd product} {ergonomic}
    uintx ProfiledCodeHeapSize                     = 122909434                              {pd product} {ergonomic}
    uintx ReservedCodeCacheSize                    = 251658240                              {pd product} {ergonomic}
     bool SegmentedCodeCache                       = true                                      {product} {ergonomic}
   size_t SoftMaxHeapSize                          = 2090860544                             {manageable} {ergonomic}
     bool UseCompressedClassPointers               = true                           {product lp64_product} {ergonomic}
     bool UseCompressedOops                        = true                           {product lp64_product} {ergonomic}
     bool UseG1GC                                  = true                                      {product} {ergonomic}
     bool UseLargePagesIndividualAllocation        = false                                  {pd product} {ergonomic}

Logging:
Log output configuration:
 #0: stdout all=warning uptime,level,tags
 #1: stderr all=off uptime,level,tags

Environment Variables:
JAVA_HOME=C:\Program Files\Java\jdk-21
PATH=C:\Program Files\Common Files\Oracle\Java\javapath;C:\Windows\system32;C:\Windows;C:\Windows\System32\Wbem;C:\Windows\System32\WindowsPowerShell\v1.0\;C:\Windows\System32\OpenSSH\;C:\Users\Ajeesh Das\Downloads\flutter_windows_3.13.5-stable\flutter\bin;C:\Users\Ajeesh Das\Downloads\flutter_windows_3.13.5-stable\flutter\bin;C:\Program Files\nodejs\;C:\Program Files\Git\cmd;C:\Users\Ajeesh Das\AppData\Local\Microsoft\WindowsApps;;C:\Users\Ajeesh Das\AppData\Local\Programs\Microsoft VS Code\bin;C:\Users\Ajeesh Das\AppData\Roaming\npm;C:\Users\Ajeesh Das\Downloads\flutter_windows_3.13.5-stable\flutter\bin\mingit\cmd;C:\Users\Ajeesh Das\Downloads\flutter_windows_3.13.5-stable\flutter\bin\mingit\cmd
USERNAME=Ajeesh Das
OS=Windows_NT
PROCESSOR_IDENTIFIER=Intel64 Family 6 Model 140 Stepping 1, GenuineIntel
TMP=C:\Users\AJEESH~1\AppData\Local\Temp
TEMP=C:\Users\AJEESH~1\AppData\Local\Temp


JNI global refs:

[error occurred during error reporting (JNI global references), id 0xc0000005, EXCEPTION_ACCESS_VIOLATION (0xc0000005) at pc=0x00007ff9bc257a10]


---------------  S Y S T E M  ---------------

OS:
 Windows 11 , 64 bit Build 22621 (10.0.22621.3374)
OS uptime: 0 days 12:57 hours
Hyper-V role detected

CPU: total 8 (initial active 8) (4 cores per cpu, 2 threads per core) family 6 model 140 stepping 1 microcode 0xa6, cx8, cmov, fxsr, ht, mmx, 3dnowpref, sse, sse2, sse3, ssse3, sse4.1, sse4.2, popcnt, lzcnt, tsc, tscinvbit, avx, avx2, aes, erms, clmul, bmi1, bmi2, adx, avx512f, avx512dq, avx512cd, avx512bw, avx512vl, sha, fma, vzeroupper, avx512_vpopcntdq, avx512_vpclmulqdq, avx512_vaes, avx512_vnni, clflush, clflushopt, clwb, avx512_vbmi2, avx512_vbmi, hv

Memory: 4k page, system-wide physical 7975M (526M free)
TotalPageFile size 32551M (AvailPageFile size 38M)
current process WorkingSet (physical memory assigned to process): 11M, peak: 11M
current process commit charge ("private bytes"): 60M, peak: 186M

vm_info: OpenJDK 64-Bit Server VM (17.0.6+0-b2043.56-10027231) for windows-amd64 JRE (17.0.6+0-b2043.56-10027231), built on Apr 28 2023 00:43:19 by "androidbuild" with MS VC++ 16.10 / 16.11 (VS2019)

END.
