#
# There is insufficient memory for the Java Runtime Environment to continue.
# Native memory allocation (malloc) failed to allocate 32744 bytes for ChunkPool::allocate
# Possible reasons:
#   The system is out of physical RAM or swap space
#   The process is running with CompressedOops enabled, and the Java Heap may be blocking the growth of the native heap
# Possible solutions:
#   Reduce memory load on the system
#   Increase physical memory or swap space
#   Check if swap backing store is full
#   Decrease Java heap size (-Xmx/-Xms)
#   Decrease number of Java threads
#   Decrease Java thread stack sizes (-Xss)
#   Set larger code cache with -XX:ReservedCodeCacheSize=
#   JVM is running with Unscaled Compressed Oops mode in which the Java heap is
#     placed in the first 4GB address space. The Java Heap base address is the
#     maximum limit for the native heap growth. Please use -XX:HeapBaseMinAddress
#     to set the Java Heap base and to place the Java Heap above 4GB virtual address.
# This output file may be truncated or incomplete.
#
#  Out of Memory Error (arena.cpp:78), pid=11644, tid=13168
#
# JRE version: OpenJDK Runtime Environment (17.0.6) (build 17.0.6+0-b2043.56-10027231)
# Java VM: OpenJDK 64-Bit Server VM (17.0.6+0-b2043.56-10027231, mixed mode, tiered, compressed oops, compressed class ptrs, g1 gc, windows-amd64)
# No core dump will be written. Minidumps are not enabled by default on client versions of Windows
#

---------------  S U M M A R Y ------------

Command Line: -Dorg.gradle.appname=gradlew org.gradle.wrapper.GradleWrapperMain -q -Ptarget-platform=android-x86 -Ptarget=D:\mobileapp\lib\main.dart -Pbase-application-name=android.app.Application -Pdart-defines=RkxVVFRFUl9XRUJfQVVUT19ERVRFQ1Q9dHJ1ZQ==,RkxVVFRFUl9XRUJfQ0FOVkFTS0lUX1VSTD1odHRwczovL3d3dy5nc3RhdGljLmNvbS9mbHV0dGVyLWNhbnZhc2tpdC8zZjNlNTYwMjM2NTM5YjdlMjcwMmY1YWM3OTBiMmE0NjkxYjMyZDQ5Lw== -Pdart-obfuscation=false -Ptrack-widget-creation=true -Ptree-shake-icons=false -Pfilesystem-scheme=org-dartlang-root assembleDebug

Host: 11th Gen Intel(R) Core(TM) i5-1135G7 @ 2.40GHz, 8 cores, 7G,  Windows 11 , 64 bit Build 22621 (10.0.22621.3527)
Time: Sun Jun 16 20:21:18 2024 India Standard Time elapsed time: 42.888462 seconds (0d 0h 0m 42s)

---------------  T H R E A D  ---------------

Current thread (0x0000020ab2883140):  JavaThread "C1 CompilerThread0" daemon [_thread_in_native, id=13168, stack(0x000000d39b100000,0x000000d39b200000)]


Current CompileTask:
C1:  42888 1341       3       java.lang.reflect.AccessibleObject::checkCanSetAccessible (368 bytes)

Stack: [0x000000d39b100000,0x000000d39b200000]
Native frames: (J=compiled Java code, j=interpreted, Vv=VM code, C=native code)
V  [jvm.dll+0x683c9a]
V  [jvm.dll+0x8427a4]
V  [jvm.dll+0x843f9e]
V  [jvm.dll+0x844603]
V  [jvm.dll+0x249b75]
V  [jvm.dll+0xabecc]
V  [jvm.dll+0xac27c]
V  [jvm.dll+0x17cc5f]
V  [jvm.dll+0x17b7eb]
V  [jvm.dll+0x135f83]
V  [jvm.dll+0x13587f]
V  [jvm.dll+0x135ab6]
V  [jvm.dll+0x134f4a]
V  [jvm.dll+0x136c11]
V  [jvm.dll+0x22b098]
V  [jvm.dll+0x229159]
V  [jvm.dll+0x7f81ec]
V  [jvm.dll+0x7f274a]
V  [jvm.dll+0x682ad5]
C  [ucrtbase.dll+0x29333]
C  [KERNEL32.DLL+0x1257d]
C  [ntdll.dll+0x5aa48]


---------------  P R O C E S S  ---------------

Threads class SMR info:
_java_thread_list=0x0000020ab43d5100, length=15, elements={
0x0000020a982b24e0, 0x0000020ab2828290, 0x0000020ab2828d50, 0x0000020ab2888860,
0x0000020ab2889220, 0x0000020ab2889ae0, 0x0000020ab288a3a0, 0x0000020ab2882790,
0x0000020ab2883140, 0x0000020ab2883650, 0x0000020ab2a057a0, 0x0000020ab2a0c320,
0x0000020ab34f0fd0, 0x0000020ab4370050, 0x0000020ab43c2260
}

Java Threads: ( => current thread )
  0x0000020a982b24e0 JavaThread "main" [_thread_in_native, id=1884, stack(0x000000d39a300000,0x000000d39a400000)]
  0x0000020ab2828290 JavaThread "Reference Handler" daemon [_thread_blocked, id=5544, stack(0x000000d39aa00000,0x000000d39ab00000)]
  0x0000020ab2828d50 JavaThread "Finalizer" daemon [_thread_blocked, id=12484, stack(0x000000d39ab00000,0x000000d39ac00000)]
  0x0000020ab2888860 JavaThread "Signal Dispatcher" daemon [_thread_blocked, id=2068, stack(0x000000d39ac00000,0x000000d39ad00000)]
  0x0000020ab2889220 JavaThread "Attach Listener" daemon [_thread_blocked, id=13320, stack(0x000000d39ad00000,0x000000d39ae00000)]
  0x0000020ab2889ae0 JavaThread "Service Thread" daemon [_thread_blocked, id=7596, stack(0x000000d39ae00000,0x000000d39af00000)]
  0x0000020ab288a3a0 JavaThread "Monitor Deflation Thread" daemon [_thread_blocked, id=15320, stack(0x000000d39af00000,0x000000d39b000000)]
  0x0000020ab2882790 JavaThread "C2 CompilerThread0" daemon [_thread_blocked, id=13052, stack(0x000000d39b000000,0x000000d39b100000)]
=>0x0000020ab2883140 JavaThread "C1 CompilerThread0" daemon [_thread_in_native, id=13168, stack(0x000000d39b100000,0x000000d39b200000)]
  0x0000020ab2883650 JavaThread "Sweeper thread" daemon [_thread_blocked, id=5232, stack(0x000000d39b200000,0x000000d39b300000)]
  0x0000020ab2a057a0 JavaThread "Notification Thread" daemon [_thread_blocked, id=16740, stack(0x000000d39b300000,0x000000d39b400000)]
  0x0000020ab2a0c320 JavaThread "Common-Cleaner" daemon [_thread_blocked, id=3288, stack(0x000000d39b500000,0x000000d39b600000)]
  0x0000020ab34f0fd0 JavaThread "pool-1-thread-1" [_thread_in_vm, id=2364, stack(0x000000d39ba00000,0x000000d39bb00000)]
  0x0000020ab4370050 JavaThread "DisconnectableInputStream source reader" daemon [_thread_in_native, id=4868, stack(0x000000d39bc00000,0x000000d39bd00000)]
  0x0000020ab43c2260 JavaThread "Forward input" [_thread_blocked, id=10612, stack(0x000000d39bd00000,0x000000d39be00000)]

Other Threads:
  0x0000020ab1f4e6f0 VMThread "VM Thread" [stack: 0x000000d39a900000,0x000000d39aa00000] [id=12156]
  0x0000020a98329120 WatcherThread [stack: 0x000000d39b400000,0x000000d39b500000] [id=5012]
  0x0000020a9830d2a0 GCTaskThread "GC Thread#0" [stack: 0x000000d39a400000,0x000000d39a500000] [id=1220]
  0x0000020ab3376f10 GCTaskThread "GC Thread#1" [stack: 0x000000d39b600000,0x000000d39b700000] [id=18924]
  0x0000020ab33771c0 GCTaskThread "GC Thread#2" [stack: 0x000000d39b700000,0x000000d39b800000] [id=1016]
  0x0000020ab34f1bc0 GCTaskThread "GC Thread#3" [stack: 0x000000d39b800000,0x000000d39b900000] [id=11804]
  0x0000020ab34e4930 GCTaskThread "GC Thread#4" [stack: 0x000000d39b900000,0x000000d39ba00000] [id=19228]
  0x0000020a9831da30 ConcurrentGCThread "G1 Main Marker" [stack: 0x000000d39a500000,0x000000d39a600000] [id=17428]
  0x0000020a9831e350 ConcurrentGCThread "G1 Conc#0" [stack: 0x000000d39a600000,0x000000d39a700000] [id=5244]
  0x0000020a9836d710 ConcurrentGCThread "G1 Refine#0" [stack: 0x000000d39a700000,0x000000d39a800000] [id=19416]
  0x0000020ab1dcbe10 ConcurrentGCThread "G1 Service" [stack: 0x000000d39a800000,0x000000d39a900000] [id=17420]

Threads with active compile tasks:
C1 CompilerThread0    42925 1341       3       java.lang.reflect.AccessibleObject::checkCanSetAccessible (368 bytes)

VM state: not at safepoint (normal execution)

VM Mutex/Monitor currently owned by a thread: None

Heap address: 0x0000000083600000, size: 1994 MB, Compressed Oops mode: 32-bit

CDS archive(s) not mapped
Compressed class space mapped at: 0x0000000100000000-0x0000000140000000, reserved size: 1073741824
Narrow klass base: 0x0000000000000000, Narrow klass shift: 3, Narrow klass range: 0x140000000

GC Precious Log:
 CPUs: 8 total, 8 available
 Memory: 7975M
 Large Page Support: Disabled
 NUMA Support: Disabled
 Compressed Oops: Enabled (32-bit)
 Heap Region Size: 1M
 Heap Min Capacity: 8M
 Heap Initial Capacity: 126M
 Heap Max Capacity: 1994M
 Pre-touch: Disabled
 Parallel Workers: 8
 Concurrent Workers: 2
 Concurrent Refinement Workers: 8
 Periodic GC: Disabled

Heap:
 garbage-first heap   total 129024K, used 23680K [0x0000000083600000, 0x0000000100000000)
  region size 1024K, 18 young (18432K), 3 survivors (3072K)
 Metaspace       used 16312K, committed 16512K, reserved 1064960K
  class space    used 1891K, committed 1984K, reserved 1048576K

Heap Regions: E=young(eden), S=young(survivor), O=old, HS=humongous(starts), HC=humongous(continues), CS=collection set, F=free, OA=open archive, CA=closed archive, TAMS=top-at-mark-start (previous, next)
|   0|0x0000000083600000, 0x0000000083600000, 0x0000000083700000|  0%| F|  |TAMS 0x0000000083600000, 0x0000000083600000| Untracked 
|   1|0x0000000083700000, 0x0000000083700000, 0x0000000083800000|  0%| F|  |TAMS 0x0000000083700000, 0x0000000083700000| Untracked 
|   2|0x0000000083800000, 0x0000000083800000, 0x0000000083900000|  0%| F|  |TAMS 0x0000000083800000, 0x0000000083800000| Untracked 
|   3|0x0000000083900000, 0x0000000083a00000, 0x0000000083a00000|100%|HS|  |TAMS 0x0000000083900000, 0x0000000083900000| Complete 
|   4|0x0000000083a00000, 0x0000000083b00000, 0x0000000083b00000|100%|HC|  |TAMS 0x0000000083a00000, 0x0000000083a00000| Complete 
|   5|0x0000000083b00000, 0x0000000083c00000, 0x0000000083c00000|100%|HC|  |TAMS 0x0000000083b00000, 0x0000000083b00000| Complete 
|   6|0x0000000083c00000, 0x0000000083d00000, 0x0000000083d00000|100%| O|  |TAMS 0x0000000083c00000, 0x0000000083c00000| Untracked 
|   7|0x0000000083d00000, 0x0000000083e00000, 0x0000000083e00000|100%| O|  |TAMS 0x0000000083d00000, 0x0000000083d00000| Untracked 
|   8|0x0000000083e00000, 0x0000000083f00000, 0x0000000083f00000|100%| O|  |TAMS 0x0000000083e00000, 0x0000000083e00000| Untracked 
|   9|0x0000000083f00000, 0x0000000083f20000, 0x0000000084000000| 12%| O|  |TAMS 0x0000000083f00000, 0x0000000083f00000| Untracked 
|  10|0x0000000084000000, 0x0000000084000000, 0x0000000084100000|  0%| F|  |TAMS 0x0000000084000000, 0x0000000084000000| Untracked 
|  11|0x0000000084100000, 0x0000000084100000, 0x0000000084200000|  0%| F|  |TAMS 0x0000000084100000, 0x0000000084100000| Untracked 
|  12|0x0000000084200000, 0x0000000084200000, 0x0000000084300000|  0%| F|  |TAMS 0x0000000084200000, 0x0000000084200000| Untracked 
|  13|0x0000000084300000, 0x0000000084300000, 0x0000000084400000|  0%| F|  |TAMS 0x0000000084300000, 0x0000000084300000| Untracked 
|  14|0x0000000084400000, 0x0000000084400000, 0x0000000084500000|  0%| F|  |TAMS 0x0000000084400000, 0x0000000084400000| Untracked 
|  15|0x0000000084500000, 0x0000000084500000, 0x0000000084600000|  0%| F|  |TAMS 0x0000000084500000, 0x0000000084500000| Untracked 
|  16|0x0000000084600000, 0x0000000084600000, 0x0000000084700000|  0%| F|  |TAMS 0x0000000084600000, 0x0000000084600000| Untracked 
|  17|0x0000000084700000, 0x0000000084700000, 0x0000000084800000|  0%| F|  |TAMS 0x0000000084700000, 0x0000000084700000| Untracked 
|  18|0x0000000084800000, 0x0000000084800000, 0x0000000084900000|  0%| F|  |TAMS 0x0000000084800000, 0x0000000084800000| Untracked 
|  19|0x0000000084900000, 0x0000000084900000, 0x0000000084a00000|  0%| F|  |TAMS 0x0000000084900000, 0x0000000084900000| Untracked 
|  20|0x0000000084a00000, 0x0000000084a00000, 0x0000000084b00000|  0%| F|  |TAMS 0x0000000084a00000, 0x0000000084a00000| Untracked 
|  21|0x0000000084b00000, 0x0000000084b00000, 0x0000000084c00000|  0%| F|  |TAMS 0x0000000084b00000, 0x0000000084b00000| Untracked 
|  22|0x0000000084c00000, 0x0000000084c00000, 0x0000000084d00000|  0%| F|  |TAMS 0x0000000084c00000, 0x0000000084c00000| Untracked 
|  23|0x0000000084d00000, 0x0000000084d00000, 0x0000000084e00000|  0%| F|  |TAMS 0x0000000084d00000, 0x0000000084d00000| Untracked 
|  24|0x0000000084e00000, 0x0000000084e00000, 0x0000000084f00000|  0%| F|  |TAMS 0x0000000084e00000, 0x0000000084e00000| Untracked 
|  25|0x0000000084f00000, 0x0000000084f00000, 0x0000000085000000|  0%| F|  |TAMS 0x0000000084f00000, 0x0000000084f00000| Untracked 
|  26|0x0000000085000000, 0x0000000085000000, 0x0000000085100000|  0%| F|  |TAMS 0x0000000085000000, 0x0000000085000000| Untracked 
|  27|0x0000000085100000, 0x0000000085100000, 0x0000000085200000|  0%| F|  |TAMS 0x0000000085100000, 0x0000000085100000| Untracked 
|  28|0x0000000085200000, 0x0000000085200000, 0x0000000085300000|  0%| F|  |TAMS 0x0000000085200000, 0x0000000085200000| Untracked 
|  29|0x0000000085300000, 0x0000000085300000, 0x0000000085400000|  0%| F|  |TAMS 0x0000000085300000, 0x0000000085300000| Untracked 
|  30|0x0000000085400000, 0x0000000085400000, 0x0000000085500000|  0%| F|  |TAMS 0x0000000085400000, 0x0000000085400000| Untracked 
|  31|0x0000000085500000, 0x0000000085500000, 0x0000000085600000|  0%| F|  |TAMS 0x0000000085500000, 0x0000000085500000| Untracked 
|  32|0x0000000085600000, 0x0000000085600000, 0x0000000085700000|  0%| F|  |TAMS 0x0000000085600000, 0x0000000085600000| Untracked 
|  33|0x0000000085700000, 0x0000000085700000, 0x0000000085800000|  0%| F|  |TAMS 0x0000000085700000, 0x0000000085700000| Untracked 
|  34|0x0000000085800000, 0x0000000085800000, 0x0000000085900000|  0%| F|  |TAMS 0x0000000085800000, 0x0000000085800000| Untracked 
|  35|0x0000000085900000, 0x0000000085900000, 0x0000000085a00000|  0%| F|  |TAMS 0x0000000085900000, 0x0000000085900000| Untracked 
|  36|0x0000000085a00000, 0x0000000085a00000, 0x0000000085b00000|  0%| F|  |TAMS 0x0000000085a00000, 0x0000000085a00000| Untracked 
|  37|0x0000000085b00000, 0x0000000085b00000, 0x0000000085c00000|  0%| F|  |TAMS 0x0000000085b00000, 0x0000000085b00000| Untracked 
|  38|0x0000000085c00000, 0x0000000085c00000, 0x0000000085d00000|  0%| F|  |TAMS 0x0000000085c00000, 0x0000000085c00000| Untracked 
|  39|0x0000000085d00000, 0x0000000085d00000, 0x0000000085e00000|  0%| F|  |TAMS 0x0000000085d00000, 0x0000000085d00000| Untracked 
|  40|0x0000000085e00000, 0x0000000085e00000, 0x0000000085f00000|  0%| F|  |TAMS 0x0000000085e00000, 0x0000000085e00000| Untracked 
|  41|0x0000000085f00000, 0x0000000085f00000, 0x0000000086000000|  0%| F|  |TAMS 0x0000000085f00000, 0x0000000085f00000| Untracked 
|  42|0x0000000086000000, 0x0000000086000000, 0x0000000086100000|  0%| F|  |TAMS 0x0000000086000000, 0x0000000086000000| Untracked 
|  43|0x0000000086100000, 0x0000000086100000, 0x0000000086200000|  0%| F|  |TAMS 0x0000000086100000, 0x0000000086100000| Untracked 
|  44|0x0000000086200000, 0x0000000086200000, 0x0000000086300000|  0%| F|  |TAMS 0x0000000086200000, 0x0000000086200000| Untracked 
|  45|0x0000000086300000, 0x0000000086300000, 0x0000000086400000|  0%| F|  |TAMS 0x0000000086300000, 0x0000000086300000| Untracked 
|  46|0x0000000086400000, 0x0000000086400000, 0x0000000086500000|  0%| F|  |TAMS 0x0000000086400000, 0x0000000086400000| Untracked 
|  47|0x0000000086500000, 0x0000000086500000, 0x0000000086600000|  0%| F|  |TAMS 0x0000000086500000, 0x0000000086500000| Untracked 
|  48|0x0000000086600000, 0x0000000086600000, 0x0000000086700000|  0%| F|  |TAMS 0x0000000086600000, 0x0000000086600000| Untracked 
|  49|0x0000000086700000, 0x0000000086700000, 0x0000000086800000|  0%| F|  |TAMS 0x0000000086700000, 0x0000000086700000| Untracked 
|  50|0x0000000086800000, 0x0000000086800000, 0x0000000086900000|  0%| F|  |TAMS 0x0000000086800000, 0x0000000086800000| Untracked 
|  51|0x0000000086900000, 0x0000000086900000, 0x0000000086a00000|  0%| F|  |TAMS 0x0000000086900000, 0x0000000086900000| Untracked 
|  52|0x0000000086a00000, 0x0000000086a00000, 0x0000000086b00000|  0%| F|  |TAMS 0x0000000086a00000, 0x0000000086a00000| Untracked 
|  53|0x0000000086b00000, 0x0000000086b00000, 0x0000000086c00000|  0%| F|  |TAMS 0x0000000086b00000, 0x0000000086b00000| Untracked 
|  54|0x0000000086c00000, 0x0000000086c00000, 0x0000000086d00000|  0%| F|  |TAMS 0x0000000086c00000, 0x0000000086c00000| Untracked 
|  55|0x0000000086d00000, 0x0000000086d00000, 0x0000000086e00000|  0%| F|  |TAMS 0x0000000086d00000, 0x0000000086d00000| Untracked 
|  56|0x0000000086e00000, 0x0000000086e00000, 0x0000000086f00000|  0%| F|  |TAMS 0x0000000086e00000, 0x0000000086e00000| Untracked 
|  57|0x0000000086f00000, 0x0000000086f00000, 0x0000000087000000|  0%| F|  |TAMS 0x0000000086f00000, 0x0000000086f00000| Untracked 
|  58|0x0000000087000000, 0x0000000087000000, 0x0000000087100000|  0%| F|  |TAMS 0x0000000087000000, 0x0000000087000000| Untracked 
|  59|0x0000000087100000, 0x0000000087100000, 0x0000000087200000|  0%| F|  |TAMS 0x0000000087100000, 0x0000000087100000| Untracked 
|  60|0x0000000087200000, 0x0000000087200000, 0x0000000087300000|  0%| F|  |TAMS 0x0000000087200000, 0x0000000087200000| Untracked 
|  61|0x0000000087300000, 0x0000000087300000, 0x0000000087400000|  0%| F|  |TAMS 0x0000000087300000, 0x0000000087300000| Untracked 
|  62|0x0000000087400000, 0x0000000087400000, 0x0000000087500000|  0%| F|  |TAMS 0x0000000087400000, 0x0000000087400000| Untracked 
|  63|0x0000000087500000, 0x0000000087500000, 0x0000000087600000|  0%| F|  |TAMS 0x0000000087500000, 0x0000000087500000| Untracked 
|  64|0x0000000087600000, 0x0000000087600000, 0x0000000087700000|  0%| F|  |TAMS 0x0000000087600000, 0x0000000087600000| Untracked 
|  65|0x0000000087700000, 0x0000000087700000, 0x0000000087800000|  0%| F|  |TAMS 0x0000000087700000, 0x0000000087700000| Untracked 
|  66|0x0000000087800000, 0x0000000087800000, 0x0000000087900000|  0%| F|  |TAMS 0x0000000087800000, 0x0000000087800000| Untracked 
|  67|0x0000000087900000, 0x0000000087900000, 0x0000000087a00000|  0%| F|  |TAMS 0x0000000087900000, 0x0000000087900000| Untracked 
|  68|0x0000000087a00000, 0x0000000087a00000, 0x0000000087b00000|  0%| F|  |TAMS 0x0000000087a00000, 0x0000000087a00000| Untracked 
|  69|0x0000000087b00000, 0x0000000087b00000, 0x0000000087c00000|  0%| F|  |TAMS 0x0000000087b00000, 0x0000000087b00000| Untracked 
|  70|0x0000000087c00000, 0x0000000087c00000, 0x0000000087d00000|  0%| F|  |TAMS 0x0000000087c00000, 0x0000000087c00000| Untracked 
|  71|0x0000000087d00000, 0x0000000087d00000, 0x0000000087e00000|  0%| F|  |TAMS 0x0000000087d00000, 0x0000000087d00000| Untracked 
|  72|0x0000000087e00000, 0x0000000087e00000, 0x0000000087f00000|  0%| F|  |TAMS 0x0000000087e00000, 0x0000000087e00000| Untracked 
|  73|0x0000000087f00000, 0x0000000087f00000, 0x0000000088000000|  0%| F|  |TAMS 0x0000000087f00000, 0x0000000087f00000| Untracked 
|  74|0x0000000088000000, 0x0000000088000000, 0x0000000088100000|  0%| F|  |TAMS 0x0000000088000000, 0x0000000088000000| Untracked 
|  75|0x0000000088100000, 0x0000000088100000, 0x0000000088200000|  0%| F|  |TAMS 0x0000000088100000, 0x0000000088100000| Untracked 
|  76|0x0000000088200000, 0x0000000088200000, 0x0000000088300000|  0%| F|  |TAMS 0x0000000088200000, 0x0000000088200000| Untracked 
|  77|0x0000000088300000, 0x0000000088300000, 0x0000000088400000|  0%| F|  |TAMS 0x0000000088300000, 0x0000000088300000| Untracked 
|  78|0x0000000088400000, 0x0000000088400000, 0x0000000088500000|  0%| F|  |TAMS 0x0000000088400000, 0x0000000088400000| Untracked 
|  79|0x0000000088500000, 0x0000000088500000, 0x0000000088600000|  0%| F|  |TAMS 0x0000000088500000, 0x0000000088500000| Untracked 
|  80|0x0000000088600000, 0x0000000088600000, 0x0000000088700000|  0%| F|  |TAMS 0x0000000088600000, 0x0000000088600000| Untracked 
|  81|0x0000000088700000, 0x0000000088700000, 0x0000000088800000|  0%| F|  |TAMS 0x0000000088700000, 0x0000000088700000| Untracked 
|  82|0x0000000088800000, 0x0000000088800000, 0x0000000088900000|  0%| F|  |TAMS 0x0000000088800000, 0x0000000088800000| Untracked 
|  83|0x0000000088900000, 0x0000000088900000, 0x0000000088a00000|  0%| F|  |TAMS 0x0000000088900000, 0x0000000088900000| Untracked 
|  84|0x0000000088a00000, 0x0000000088a00000, 0x0000000088b00000|  0%| F|  |TAMS 0x0000000088a00000, 0x0000000088a00000| Untracked 
|  85|0x0000000088b00000, 0x0000000088b00000, 0x0000000088c00000|  0%| F|  |TAMS 0x0000000088b00000, 0x0000000088b00000| Untracked 
|  86|0x0000000088c00000, 0x0000000088c00000, 0x0000000088d00000|  0%| F|  |TAMS 0x0000000088c00000, 0x0000000088c00000| Untracked 
|  87|0x0000000088d00000, 0x0000000088d00000, 0x0000000088e00000|  0%| F|  |TAMS 0x0000000088d00000, 0x0000000088d00000| Untracked 
|  88|0x0000000088e00000, 0x0000000088e00000, 0x0000000088f00000|  0%| F|  |TAMS 0x0000000088e00000, 0x0000000088e00000| Untracked 
|  89|0x0000000088f00000, 0x0000000088f00000, 0x0000000089000000|  0%| F|  |TAMS 0x0000000088f00000, 0x0000000088f00000| Untracked 
|  90|0x0000000089000000, 0x0000000089000000, 0x0000000089100000|  0%| F|  |TAMS 0x0000000089000000, 0x0000000089000000| Untracked 
|  91|0x0000000089100000, 0x0000000089100000, 0x0000000089200000|  0%| F|  |TAMS 0x0000000089100000, 0x0000000089100000| Untracked 
|  92|0x0000000089200000, 0x0000000089200000, 0x0000000089300000|  0%| F|  |TAMS 0x0000000089200000, 0x0000000089200000| Untracked 
|  93|0x0000000089300000, 0x0000000089300000, 0x0000000089400000|  0%| F|  |TAMS 0x0000000089300000, 0x0000000089300000| Untracked 
|  94|0x0000000089400000, 0x0000000089400000, 0x0000000089500000|  0%| F|  |TAMS 0x0000000089400000, 0x0000000089400000| Untracked 
|  95|0x0000000089500000, 0x0000000089500000, 0x0000000089600000|  0%| F|  |TAMS 0x0000000089500000, 0x0000000089500000| Untracked 
|  96|0x0000000089600000, 0x0000000089600000, 0x0000000089700000|  0%| F|  |TAMS 0x0000000089600000, 0x0000000089600000| Untracked 
|  97|0x0000000089700000, 0x0000000089700000, 0x0000000089800000|  0%| F|  |TAMS 0x0000000089700000, 0x0000000089700000| Untracked 
|  98|0x0000000089800000, 0x0000000089800000, 0x0000000089900000|  0%| F|  |TAMS 0x0000000089800000, 0x0000000089800000| Untracked 
|  99|0x0000000089900000, 0x0000000089900000, 0x0000000089a00000|  0%| F|  |TAMS 0x0000000089900000, 0x0000000089900000| Untracked 
| 100|0x0000000089a00000, 0x0000000089b00000, 0x0000000089b00000|100%| S|CS|TAMS 0x0000000089a00000, 0x0000000089a00000| Complete 
| 101|0x0000000089b00000, 0x0000000089c00000, 0x0000000089c00000|100%| S|CS|TAMS 0x0000000089b00000, 0x0000000089b00000| Complete 
| 102|0x0000000089c00000, 0x0000000089d00000, 0x0000000089d00000|100%| S|CS|TAMS 0x0000000089c00000, 0x0000000089c00000| Complete 
| 103|0x0000000089d00000, 0x0000000089d00000, 0x0000000089e00000|  0%| F|  |TAMS 0x0000000089d00000, 0x0000000089d00000| Untracked 
| 104|0x0000000089e00000, 0x0000000089e00000, 0x0000000089f00000|  0%| F|  |TAMS 0x0000000089e00000, 0x0000000089e00000| Untracked 
| 105|0x0000000089f00000, 0x0000000089f00000, 0x000000008a000000|  0%| F|  |TAMS 0x0000000089f00000, 0x0000000089f00000| Untracked 
| 106|0x000000008a000000, 0x000000008a000000, 0x000000008a100000|  0%| F|  |TAMS 0x000000008a000000, 0x000000008a000000| Untracked 
| 107|0x000000008a100000, 0x000000008a100000, 0x000000008a200000|  0%| F|  |TAMS 0x000000008a100000, 0x000000008a100000| Untracked 
| 108|0x000000008a200000, 0x000000008a200000, 0x000000008a300000|  0%| F|  |TAMS 0x000000008a200000, 0x000000008a200000| Untracked 
| 109|0x000000008a300000, 0x000000008a300000, 0x000000008a400000|  0%| F|  |TAMS 0x000000008a300000, 0x000000008a300000| Untracked 
| 110|0x000000008a400000, 0x000000008a400000, 0x000000008a500000|  0%| F|  |TAMS 0x000000008a400000, 0x000000008a400000| Untracked 
| 111|0x000000008a500000, 0x000000008a5479f8, 0x000000008a600000| 27%| E|  |TAMS 0x000000008a500000, 0x000000008a500000| Complete 
| 112|0x000000008a600000, 0x000000008a700000, 0x000000008a700000|100%| E|CS|TAMS 0x000000008a600000, 0x000000008a600000| Complete 
| 113|0x000000008a700000, 0x000000008a800000, 0x000000008a800000|100%| E|CS|TAMS 0x000000008a700000, 0x000000008a700000| Complete 
| 114|0x000000008a800000, 0x000000008a900000, 0x000000008a900000|100%| E|CS|TAMS 0x000000008a800000, 0x000000008a800000| Complete 
| 115|0x000000008a900000, 0x000000008aa00000, 0x000000008aa00000|100%| E|CS|TAMS 0x000000008a900000, 0x000000008a900000| Complete 
| 116|0x000000008aa00000, 0x000000008ab00000, 0x000000008ab00000|100%| E|CS|TAMS 0x000000008aa00000, 0x000000008aa00000| Complete 
| 117|0x000000008ab00000, 0x000000008ac00000, 0x000000008ac00000|100%| E|CS|TAMS 0x000000008ab00000, 0x000000008ab00000| Complete 
| 118|0x000000008ac00000, 0x000000008ad00000, 0x000000008ad00000|100%| E|CS|TAMS 0x000000008ac00000, 0x000000008ac00000| Complete 
| 119|0x000000008ad00000, 0x000000008ae00000, 0x000000008ae00000|100%| E|CS|TAMS 0x000000008ad00000, 0x000000008ad00000| Complete 
| 120|0x000000008ae00000, 0x000000008af00000, 0x000000008af00000|100%| E|CS|TAMS 0x000000008ae00000, 0x000000008ae00000| Complete 
| 121|0x000000008af00000, 0x000000008b000000, 0x000000008b000000|100%| E|CS|TAMS 0x000000008af00000, 0x000000008af00000| Complete 
| 122|0x000000008b000000, 0x000000008b100000, 0x000000008b100000|100%| E|CS|TAMS 0x000000008b000000, 0x000000008b000000| Complete 
| 123|0x000000008b100000, 0x000000008b200000, 0x000000008b200000|100%| E|CS|TAMS 0x000000008b100000, 0x000000008b100000| Complete 
| 124|0x000000008b200000, 0x000000008b300000, 0x000000008b300000|100%| E|CS|TAMS 0x000000008b200000, 0x000000008b200000| Complete 
| 125|0x000000008b300000, 0x000000008b400000, 0x000000008b400000|100%| E|CS|TAMS 0x000000008b300000, 0x000000008b300000| Complete 

Card table byte_map: [0x0000020aaae90000,0x0000020aab280000] _byte_map_base: 0x0000020aaaa75000

Marking Bits (Prev, Next): (CMBitMap*) 0x0000020a9830d7c0, (CMBitMap*) 0x0000020a9830d800
 Prev Bits: [0x0000020aab670000, 0x0000020aad598000)
 Next Bits: [0x0000020aad5a0000, 0x0000020aaf4c8000)

Polling page: 0x0000020a97a70000

Metaspace:

Usage:
  Non-class:     14.08 MB used.
      Class:      1.85 MB used.
       Both:     15.93 MB used.

Virtual space:
  Non-class space:       16.00 MB reserved,      14.19 MB ( 89%) committed,  2 nodes.
      Class space:        1.00 GB reserved,       1.94 MB ( <1%) committed,  1 nodes.
             Both:        1.02 GB reserved,      16.12 MB (  2%) committed. 

Chunk freelists:
   Non-Class:  976.00 KB
       Class:  2.05 MB
        Both:  3.00 MB

MaxMetaspaceSize: unlimited
CompressedClassSpaceSize: 1.00 GB
Initial GC threshold: 21.00 MB
Current GC threshold: 21.00 MB
CDS: off
MetaspaceReclaimPolicy: balanced
 - commit_granule_bytes: 65536.
 - commit_granule_words: 8192.
 - virtual_space_node_default_size: 1048576.
 - enlarge_chunks_in_place: 1.
 - new_chunks_are_fully_committed: 0.
 - uncommit_free_chunks: 1.
 - use_allocation_guard: 0.
 - handle_deallocations: 1.


Internal statistics:

num_allocs_failed_limit: 0.
num_arena_births: 78.
num_arena_deaths: 0.
num_vsnodes_births: 3.
num_vsnodes_deaths: 0.
num_space_committed: 258.
num_space_uncommitted: 0.
num_chunks_returned_to_freelist: 0.
num_chunks_taken_from_freelist: 305.
num_chunk_merges: 0.
num_chunk_splits: 198.
num_chunks_enlarged: 161.
num_purges: 0.
num_inconsistent_stats: 0.

CodeHeap 'non-profiled nmethods': size=120000Kb used=496Kb max_used=496Kb free=119504Kb
 bounds [0x0000020aa3240000, 0x0000020aa34b0000, 0x0000020aaa770000]
CodeHeap 'profiled nmethods': size=120000Kb used=2488Kb max_used=2488Kb free=117511Kb
 bounds [0x0000020a9b770000, 0x0000020a9b9e0000, 0x0000020aa2ca0000]
CodeHeap 'non-nmethods': size=5760Kb used=1175Kb max_used=1197Kb free=4584Kb
 bounds [0x0000020aa2ca0000, 0x0000020aa2f10000, 0x0000020aa3240000]
 total_blobs=1795 nmethods=1336 adapters=372
 compilation: enabled
              stopped_count=0, restarted_count=0
 full_count=0

Compilation events (20 events):
Event: 40.159 Thread 0x0000020ab2883140 nmethod 1330 0x0000020a9b9d6b10 code [0x0000020a9b9d6ce0, 0x0000020a9b9d7288]
Event: 40.159 Thread 0x0000020ab2883140 1331       3       java.util.concurrent.ScheduledThreadPoolExecutor$ScheduledFutureTask::run (57 bytes)
Event: 40.159 Thread 0x0000020ab2883140 nmethod 1331 0x0000020a9b9d7410 code [0x0000020a9b9d7620, 0x0000020a9b9d7a98]
Event: 40.159 Thread 0x0000020ab2883140 1332   !   3       java.util.concurrent.FutureTask::runAndReset (125 bytes)
Event: 40.160 Thread 0x0000020ab2883140 nmethod 1332 0x0000020a9b9d7c10 code [0x0000020a9b9d7f40, 0x0000020a9b9d95b8]
Event: 40.160 Thread 0x0000020ab2883140 1333       3       java.util.concurrent.Executors$RunnableAdapter::call (14 bytes)
Event: 40.160 Thread 0x0000020ab2883140 nmethod 1333 0x0000020a9b9d9c90 code [0x0000020a9b9d9e40, 0x0000020a9b9da028]
Event: 42.260 Thread 0x0000020ab2883140 1334   !   3       java.util.concurrent.locks.AbstractQueuedSynchronizer::acquire (407 bytes)
Event: 42.262 Thread 0x0000020ab2883140 nmethod 1334 0x0000020a9b9da110 code [0x0000020a9b9da4a0, 0x0000020a9b9dbe08]
Event: 42.769 Thread 0x0000020ab2882790 1335       4       java.util.zip.Inflater::ensureOpen (47 bytes)
Event: 42.770 Thread 0x0000020ab2882790 nmethod 1335 0x0000020aa32bbd10 code [0x0000020aa32bbe80, 0x0000020aa32bbf38]
Event: 42.772 Thread 0x0000020ab2883140 1336       3       java.lang.reflect.Method::setAccessible (21 bytes)
Event: 42.773 Thread 0x0000020ab2883140 nmethod 1336 0x0000020a9b9dc790 code [0x0000020a9b9dc980, 0x0000020a9b9dcf48]
Event: 42.773 Thread 0x0000020ab2883140 1337       3       java.lang.reflect.Method::checkCanSetAccessible (10 bytes)
Event: 42.773 Thread 0x0000020ab2883140 nmethod 1337 0x0000020a9b9dd190 code [0x0000020a9b9dd340, 0x0000020a9b9dd4e8]
Event: 42.773 Thread 0x0000020ab2883140 1338       3       java.lang.reflect.Method::invoke (65 bytes)
Event: 42.773 Thread 0x0000020ab2883140 nmethod 1338 0x0000020a9b9dd610 code [0x0000020a9b9dd800, 0x0000020a9b9ddc58]
Event: 42.773 Thread 0x0000020ab2883140 1340       3       java.nio.channels.spi.AbstractSelector::isOpen (13 bytes)
Event: 42.773 Thread 0x0000020ab2883140 nmethod 1340 0x0000020a9b9dde10 code [0x0000020a9b9ddfa0, 0x0000020a9b9de118]
Event: 42.773 Thread 0x0000020ab2883140 1341       3       java.lang.reflect.AccessibleObject::checkCanSetAccessible (368 bytes)

GC Heap History (2 events):
Event: 1.710 GC heap before
{Heap before GC invocations=0 (full 0):
 garbage-first heap   total 129024K, used 28672K [0x0000000083600000, 0x0000000100000000)
  region size 1024K, 23 young (23552K), 0 survivors (0K)
 Metaspace       used 11177K, committed 11392K, reserved 1064960K
  class space    used 1172K, committed 1280K, reserved 1048576K
}
Event: 1.719 GC heap after
{Heap after GC invocations=1 (full 0):
 garbage-first heap   total 129024K, used 9344K [0x0000000083600000, 0x0000000100000000)
  region size 1024K, 3 young (3072K), 3 survivors (3072K)
 Metaspace       used 11177K, committed 11392K, reserved 1064960K
  class space    used 1172K, committed 1280K, reserved 1048576K
}

Dll operation events (2 events):
Event: 0.008 Loaded shared library C:\Program Files\Android\Android Studio\jbr\bin\java.dll
Event: 0.339 Loaded shared library C:\Program Files\Android\Android Studio\jbr\bin\verify.dll

Deoptimization events (20 events):
Event: 2.006 Thread 0x0000020a982b24e0 DEOPT PACKING pc=0x0000020a9b8592c7 sp=0x000000d39a3f97c0
Event: 2.006 Thread 0x0000020a982b24e0 DEOPT UNPACKING pc=0x0000020aa2cface3 sp=0x000000d39a3f8c20 mode 0
Event: 2.023 Thread 0x0000020a982b24e0 DEOPT PACKING pc=0x0000020a9b80b065 sp=0x000000d39a3f98e0
Event: 2.023 Thread 0x0000020a982b24e0 DEOPT UNPACKING pc=0x0000020aa2cface3 sp=0x000000d39a3f8d30 mode 0
Event: 2.071 Thread 0x0000020a982b24e0 Uncommon trap: trap_request=0xffffffc6 fr.pc=0x0000020aa329a228 relative=0x0000000000000548
Event: 2.071 Thread 0x0000020a982b24e0 Uncommon trap: reason=bimorphic_or_optimized_type_check action=maybe_recompile pc=0x0000020aa329a228 method=java.util.concurrent.ConcurrentHashMap.get(Ljava/lang/Object;)Ljava/lang/Object; @ 149 c2
Event: 2.071 Thread 0x0000020a982b24e0 DEOPT PACKING pc=0x0000020aa329a228 sp=0x000000d39a3fb520
Event: 2.071 Thread 0x0000020a982b24e0 DEOPT UNPACKING pc=0x0000020aa2cfa1a3 sp=0x000000d39a3fb4c0 mode 2
Event: 2.073 Thread 0x0000020a982b24e0 DEOPT PACKING pc=0x0000020a9b7c5ed6 sp=0x000000d39a3fb480
Event: 2.073 Thread 0x0000020a982b24e0 DEOPT UNPACKING pc=0x0000020aa2cface3 sp=0x000000d39a3fa920 mode 0
Event: 2.456 Thread 0x0000020a982b24e0 Uncommon trap: trap_request=0xffffff45 fr.pc=0x0000020aa327664c relative=0x000000000000068c
Event: 2.456 Thread 0x0000020a982b24e0 Uncommon trap: reason=unstable_if action=reinterpret pc=0x0000020aa327664c method=java.lang.AbstractStringBuilder.append(Ljava/lang/String;)Ljava/lang/AbstractStringBuilder; @ 1 c2
Event: 2.456 Thread 0x0000020a982b24e0 DEOPT PACKING pc=0x0000020aa327664c sp=0x000000d39a3fc2a0
Event: 2.456 Thread 0x0000020a982b24e0 DEOPT UNPACKING pc=0x0000020aa2cfa1a3 sp=0x000000d39a3fc220 mode 2
Event: 2.457 Thread 0x0000020a982b24e0 Uncommon trap: trap_request=0xffffff45 fr.pc=0x0000020aa3293ee4 relative=0x00000000000006a4
Event: 2.457 Thread 0x0000020a982b24e0 Uncommon trap: reason=unstable_if action=reinterpret pc=0x0000020aa3293ee4 method=java.lang.AbstractStringBuilder.append(Ljava/lang/String;)Ljava/lang/AbstractStringBuilder; @ 1 c2
Event: 2.457 Thread 0x0000020a982b24e0 DEOPT PACKING pc=0x0000020aa3293ee4 sp=0x000000d39a3fc240
Event: 2.457 Thread 0x0000020a982b24e0 DEOPT UNPACKING pc=0x0000020aa2cfa1a3 sp=0x000000d39a3fc228 mode 2
Event: 2.543 Thread 0x0000020a982b24e0 DEOPT PACKING pc=0x0000020a9b8639b8 sp=0x000000d39a3fb100
Event: 2.543 Thread 0x0000020a982b24e0 DEOPT UNPACKING pc=0x0000020aa2cface3 sp=0x000000d39a3fa618 mode 0

Classes unloaded (0 events):
No events

Classes redefined (0 events):
No events

Internal exceptions (19 events):
Event: 0.581 Thread 0x0000020a982b24e0 Exception <a 'java/lang/NoSuchMethodError'{0x000000008b02ab30}: 'int java.lang.invoke.DirectMethodHandle$Holder.invokeStaticInit(java.lang.Object, java.lang.Object)'> (0x000000008b02ab30) 
thrown [s\src\hotspot\share\interpreter\linkResolver.cpp, line 771]
Event: 1.610 Thread 0x0000020a982b24e0 Exception <a 'java/lang/NoSuchMethodError'{0x0000000089e12f58}: 'void java.lang.invoke.DirectMethodHandle$Holder.invokeStatic(java.lang.Object, java.lang.Object)'> (0x0000000089e12f58) 
thrown [s\src\hotspot\share\interpreter\linkResolver.cpp, line 771]
Event: 1.644 Thread 0x0000020a982b24e0 Exception <a 'java/lang/NoClassDefFoundError'{0x0000000089e9aee0}: org/slf4j/impl/StaticMarkerBinder> (0x0000000089e9aee0) 
thrown [s\src\hotspot\share\classfile\systemDictionary.cpp, line 245]
Event: 1.668 Thread 0x0000020a982b24e0 Exception <a 'java/lang/NoSuchMethodError'{0x0000000089d389c0}: 'java.lang.Object java.lang.invoke.DirectMethodHandle$Holder.invokeVirtual(java.lang.Object, java.lang.Object, java.lang.Object, java.lang.Object, java.lang.Object, java.lang.Object, java.lang.Object)'> (0x0000000089d389c0) 
thrown [s\src\hotspot\share\interpreter\linkResolver.cpp, line 771]
Event: 1.672 Thread 0x0000020a982b24e0 Exception <a 'java/lang/NoSuchMethodError'{0x0000000089d49fd0}: 'java.lang.Object java.lang.invoke.Invokers$Holder.invoker(java.lang.Object, java.lang.Object, java.lang.Object)'> (0x0000000089d49fd0) 
thrown [s\src\hotspot\share\interpreter\linkResolver.cpp, line 771]
Event: 1.676 Thread 0x0000020a982b24e0 Exception <a 'java/lang/NoSuchMethodError'{0x0000000089d53078}: 'java.lang.Object java.lang.invoke.DirectMethodHandle$Holder.invokeStatic(java.lang.Object, java.lang.Object, int)'> (0x0000000089d53078) 
thrown [s\src\hotspot\share\interpreter\linkResolver.cpp, line 771]
Event: 1.678 Thread 0x0000020a982b24e0 Exception <a 'java/lang/NoSuchMethodError'{0x0000000089d5ed68}: 'void java.lang.invoke.DelegatingMethodHandle$Holder.delegate(java.lang.Object, java.lang.Object, int, java.lang.Object)'> (0x0000000089d5ed68) 
thrown [s\src\hotspot\share\interpreter\linkResolver.cpp, line 771]
Event: 1.679 Thread 0x0000020a982b24e0 Exception <a 'java/lang/NoSuchMethodError'{0x0000000089d62eb0}: 'int java.lang.invoke.DirectMethodHandle$Holder.invokeSpecial(java.lang.Object, java.lang.Object, java.lang.Object)'> (0x0000000089d62eb0) 
thrown [s\src\hotspot\share\interpreter\linkResolver.cpp, line 771]
Event: 1.685 Thread 0x0000020a982b24e0 Exception <a 'java/lang/NoSuchMethodError'{0x0000000089d760d0}: 'java.lang.Object java.lang.invoke.Invokers$Holder.invokeExact_MT(java.lang.Object, java.lang.Object, java.lang.Object, java.lang.Object)'> (0x0000000089d760d0) 
thrown [s\src\hotspot\share\interpreter\linkResolver.cpp, line 771]
Event: 1.842 Thread 0x0000020a982b24e0 Exception <a 'java/lang/NoSuchMethodError'{0x000000008b0db660}: 'java.lang.Object java.lang.invoke.DirectMethodHandle$Holder.invokeInterface(java.lang.Object, java.lang.Object, java.lang.Object)'> (0x000000008b0db660) 
thrown [s\src\hotspot\share\interpreter\linkResolver.cpp, line 771]
Event: 1.848 Thread 0x0000020a982b24e0 Exception <a 'java/lang/NoSuchMethodError'{0x000000008b0fd850}: 'void java.lang.invoke.DirectMethodHandle$Holder.invokeSpecial(java.lang.Object, java.lang.Object, java.lang.Object)'> (0x000000008b0fd850) 
thrown [s\src\hotspot\share\interpreter\linkResolver.cpp, line 771]
Event: 1.868 Thread 0x0000020a982b24e0 Implicit null exception at 0x0000020aa329500c to 0x0000020aa3295550
Event: 1.868 Thread 0x0000020a982b24e0 Implicit null exception at 0x0000020aa327c40f to 0x0000020aa327c954
Event: 1.905 Thread 0x0000020a982b24e0 Exception <a 'java/lang/NoSuchMethodError'{0x000000008ae9c920}: 'java.lang.Object java.lang.invoke.DirectMethodHandle$Holder.invokeStaticInit(java.lang.Object)'> (0x000000008ae9c920) 
thrown [s\src\hotspot\share\interpreter\linkResolver.cpp, line 771]
Event: 2.061 Thread 0x0000020a982b24e0 Exception <a 'java/lang/NoSuchMethodError'{0x000000008aa95da8}: 'java.lang.Object java.lang.invoke.DirectMethodHandle$Holder.invokeStaticInit(java.lang.Object, int, int, int, int)'> (0x000000008aa95da8) 
thrown [s\src\hotspot\share\interpreter\linkResolver.cpp, line 771]
Event: 2.316 Thread 0x0000020a982b24e0 Exception <a 'java/lang/NoSuchMethodError'{0x000000008a970c68}: 'java.lang.Object java.lang.invoke.DirectMethodHandle$Holder.invokeStaticInit(java.lang.Object, java.lang.Object, int, int, int, int)'> (0x000000008a970c68) 
thrown [s\src\hotspot\share\interpreter\linkResolver.cpp, line 771]
Event: 2.433 Thread 0x0000020a982b24e0 Exception <a 'java/lang/NoSuchMethodError'{0x000000008a99d5f0}: 'void java.lang.invoke.DirectMethodHandle$Holder.invokeStatic(java.lang.Object, java.lang.Object, java.lang.Object)'> (0x000000008a99d5f0) 
thrown [s\src\hotspot\share\interpreter\linkResolver.cpp, line 771]
Event: 2.456 Thread 0x0000020a982b24e0 Implicit null exception at 0x0000020aa3275ff2 to 0x0000020aa3276634
Event: 2.457 Thread 0x0000020a982b24e0 Implicit null exception at 0x0000020aa3293872 to 0x0000020aa3293ecc

VM Operations (20 events):
Event: 1.676 Executing VM operation: HandshakeAllThreads
Event: 1.676 Executing VM operation: HandshakeAllThreads done
Event: 1.709 Executing VM operation: G1CollectForAllocation
Event: 1.719 Executing VM operation: G1CollectForAllocation done
Event: 1.999 Executing VM operation: HandshakeAllThreads
Event: 1.999 Executing VM operation: HandshakeAllThreads done
Event: 2.112 Executing VM operation: HandshakeAllThreads
Event: 2.112 Executing VM operation: HandshakeAllThreads done
Event: 3.112 Executing VM operation: Cleanup
Event: 3.112 Executing VM operation: Cleanup done
Event: 7.142 Executing VM operation: Cleanup
Event: 7.142 Executing VM operation: Cleanup done
Event: 18.267 Executing VM operation: Cleanup
Event: 18.267 Executing VM operation: Cleanup done
Event: 21.292 Executing VM operation: Cleanup
Event: 21.292 Executing VM operation: Cleanup done
Event: 24.327 Executing VM operation: Cleanup
Event: 24.327 Executing VM operation: Cleanup done
Event: 40.469 Executing VM operation: Cleanup
Event: 40.469 Executing VM operation: Cleanup done

Events (20 events):
Event: 5.320 loading class jdk/internal/reflect/ByteVectorImpl
Event: 5.320 loading class jdk/internal/reflect/ByteVector
Event: 5.320 loading class jdk/internal/reflect/ByteVector done
Event: 5.320 loading class jdk/internal/reflect/ByteVectorImpl done
Event: 5.320 loading class jdk/internal/reflect/ClassFileAssembler
Event: 5.321 loading class jdk/internal/reflect/ClassFileAssembler done
Event: 5.321 loading class jdk/internal/reflect/UTF8
Event: 5.321 loading class jdk/internal/reflect/UTF8 done
Event: 5.322 loading class jdk/internal/reflect/Label
Event: 5.322 loading class jdk/internal/reflect/Label done
Event: 5.322 loading class jdk/internal/reflect/Label$PatchInfo
Event: 5.322 loading class jdk/internal/reflect/Label$PatchInfo done
Event: 5.322 loading class jdk/internal/reflect/MethodAccessorGenerator$1
Event: 5.322 loading class jdk/internal/reflect/MethodAccessorGenerator$1 done
Event: 5.322 loading class jdk/internal/reflect/ClassDefiner
Event: 5.322 loading class jdk/internal/reflect/ClassDefiner done
Event: 5.322 loading class jdk/internal/reflect/ClassDefiner$1
Event: 5.322 loading class jdk/internal/reflect/ClassDefiner$1 done
Event: 21.391 loading class jdk/internal/misc/ScopedMemoryAccess$Scope
Event: 21.391 loading class jdk/internal/misc/ScopedMemoryAccess$Scope done


Dynamic libraries:
0x00007ff7cffc0000 - 0x00007ff7cffca000 	C:\Program Files\Android\Android Studio\jbr\bin\java.exe
0x00007ffd94510000 - 0x00007ffd94727000 	C:\Windows\SYSTEM32\ntdll.dll
0x00007ffd92350000 - 0x00007ffd92414000 	C:\Windows\System32\KERNEL32.DLL
0x00007ffd91a90000 - 0x00007ffd91e37000 	C:\Windows\System32\KERNELBASE.dll
0x00007ffd918b0000 - 0x00007ffd919c1000 	C:\Windows\System32\ucrtbase.dll
0x00007ffd85100000 - 0x00007ffd85117000 	C:\Program Files\Android\Android Studio\jbr\bin\jli.dll
0x00007ffd85120000 - 0x00007ffd8513b000 	C:\Program Files\Android\Android Studio\jbr\bin\VCRUNTIME140.dll
0x00007ffd92cd0000 - 0x00007ffd92e7e000 	C:\Windows\System32\USER32.dll
0x00007ffd76940000 - 0x00007ffd76bd3000 	C:\Windows\WinSxS\amd64_microsoft.windows.common-controls_6595b64144ccf1df_6.0.22621.3527_none_270e469b73872a76\COMCTL32.dll
0x00007ffd91f60000 - 0x00007ffd91f86000 	C:\Windows\System32\win32u.dll
0x00007ffd92420000 - 0x00007ffd924c7000 	C:\Windows\System32\msvcrt.dll
0x00007ffd92c90000 - 0x00007ffd92cb9000 	C:\Windows\System32\GDI32.dll
0x00007ffd91e40000 - 0x00007ffd91f59000 	C:\Windows\System32\gdi32full.dll
0x00007ffd91f90000 - 0x00007ffd9202a000 	C:\Windows\System32\msvcp_win.dll
0x00007ffd924d0000 - 0x00007ffd92501000 	C:\Windows\System32\IMM32.DLL
0x00007ffd6a810000 - 0x00007ffd6a81c000 	C:\Program Files\Android\Android Studio\jbr\bin\vcruntime140_1.dll
0x00007ffd2ad00000 - 0x00007ffd2ad8d000 	C:\Program Files\Android\Android Studio\jbr\bin\msvcp140.dll
0x00007ffcd7460000 - 0x00007ffcd80ce000 	C:\Program Files\Android\Android Studio\jbr\bin\server\jvm.dll
0x00007ffd92bd0000 - 0x00007ffd92c82000 	C:\Windows\System32\ADVAPI32.dll
0x00007ffd929c0000 - 0x00007ffd92a68000 	C:\Windows\System32\sechost.dll
0x00007ffd92210000 - 0x00007ffd92238000 	C:\Windows\System32\bcrypt.dll
0x00007ffd93030000 - 0x00007ffd93145000 	C:\Windows\System32\RPCRT4.dll
0x00007ffd87ca0000 - 0x00007ffd87cd4000 	C:\Windows\SYSTEM32\WINMM.dll
0x00007ffd7bc00000 - 0x00007ffd7bc09000 	C:\Windows\SYSTEM32\WSOCK32.dll
0x00007ffd86630000 - 0x00007ffd8663a000 	C:\Windows\SYSTEM32\VERSION.dll
0x00007ffd943f0000 - 0x00007ffd94461000 	C:\Windows\System32\WS2_32.dll
0x00007ffd90940000 - 0x00007ffd90958000 	C:\Windows\SYSTEM32\kernel.appcore.dll
0x00007ffd668a0000 - 0x00007ffd668aa000 	C:\Program Files\Android\Android Studio\jbr\bin\jimage.dll
0x00007ffd8ef90000 - 0x00007ffd8f1c2000 	C:\Windows\SYSTEM32\DBGHELP.DLL
0x00007ffd935e0000 - 0x00007ffd93968000 	C:\Windows\System32\combase.dll
0x00007ffd93a20000 - 0x00007ffd93af7000 	C:\Windows\System32\OLEAUT32.dll
0x00007ffd85570000 - 0x00007ffd855a2000 	C:\Windows\SYSTEM32\dbgcore.DLL
0x00007ffd91830000 - 0x00007ffd918a9000 	C:\Windows\System32\bcryptPrimitives.dll
0x00007ffd62b40000 - 0x00007ffd62b65000 	C:\Program Files\Android\Android Studio\jbr\bin\java.dll
0x00007ffd631d0000 - 0x00007ffd631e8000 	C:\Program Files\Android\Android Studio\jbr\bin\zip.dll
0x00007ffd93b90000 - 0x00007ffd943ec000 	C:\Windows\System32\SHELL32.dll
0x00007ffd8f730000 - 0x00007ffd90026000 	C:\Windows\SYSTEM32\windows.storage.dll
0x00007ffd8f5f0000 - 0x00007ffd8f72e000 	C:\Windows\SYSTEM32\wintypes.dll
0x00007ffd92780000 - 0x00007ffd92875000 	C:\Windows\System32\SHCORE.dll
0x00007ffd94470000 - 0x00007ffd944ce000 	C:\Windows\System32\shlwapi.dll
0x00007ffd91760000 - 0x00007ffd91781000 	C:\Windows\SYSTEM32\profapi.dll
0x00007ffd59f00000 - 0x00007ffd59f19000 	C:\Program Files\Android\Android Studio\jbr\bin\net.dll
0x00007ffd8b210000 - 0x00007ffd8b346000 	C:\Windows\SYSTEM32\WINHTTP.dll
0x00007ffd90db0000 - 0x00007ffd90e19000 	C:\Windows\system32\mswsock.dll
0x00007ffd546d0000 - 0x00007ffd546e6000 	C:\Program Files\Android\Android Studio\jbr\bin\nio.dll
0x00007ffd65710000 - 0x00007ffd65720000 	C:\Program Files\Android\Android Studio\jbr\bin\verify.dll
0x00007ffd50850000 - 0x00007ffd50877000 	C:\Users\Ajeesh Das\.gradle\native\e1d6ef7f7dcc3fd88c89a11ec53ec762bb8ba0a96d01ffa2cd45eb1d1d8dd5c5\windows-amd64\native-platform.dll
0x00007ffd63f50000 - 0x00007ffd63f59000 	C:\Program Files\Android\Android Studio\jbr\bin\management.dll
0x00007ffd633f0000 - 0x00007ffd633fb000 	C:\Program Files\Android\Android Studio\jbr\bin\management_ext.dll
0x00007ffd935d0000 - 0x00007ffd935d8000 	C:\Windows\System32\PSAPI.DLL
0x00007ffd91010000 - 0x00007ffd9102b000 	C:\Windows\SYSTEM32\CRYPTSP.dll
0x00007ffd90880000 - 0x00007ffd908b5000 	C:\Windows\system32\rsaenh.dll
0x00007ffd90eb0000 - 0x00007ffd90ed8000 	C:\Windows\SYSTEM32\USERENV.dll
0x00007ffd91030000 - 0x00007ffd9103c000 	C:\Windows\SYSTEM32\CRYPTBASE.dll
0x00007ffd90300000 - 0x00007ffd9032d000 	C:\Windows\SYSTEM32\IPHLPAPI.DLL
0x00007ffd92920000 - 0x00007ffd92929000 	C:\Windows\System32\NSI.dll
0x00007ffd8b0f0000 - 0x00007ffd8b109000 	C:\Windows\SYSTEM32\dhcpcsvc6.DLL
0x00007ffd8b0d0000 - 0x00007ffd8b0ef000 	C:\Windows\SYSTEM32\dhcpcsvc.DLL
0x00007ffd90370000 - 0x00007ffd90468000 	C:\Windows\SYSTEM32\DNSAPI.dll
0x00007ffd7bd60000 - 0x00007ffd7bd68000 	C:\Windows\system32\wshunix.dll

dbghelp: loaded successfully - version: 4.0.5 - missing functions: none
symbol engine: initialized successfully - sym options: 0x614 - pdb path: .;C:\Program Files\Android\Android Studio\jbr\bin;C:\Windows\SYSTEM32;C:\Windows\WinSxS\amd64_microsoft.windows.common-controls_6595b64144ccf1df_6.0.22621.3527_none_270e469b73872a76;C:\Program Files\Android\Android Studio\jbr\bin\server;C:\Users\Ajeesh Das\.gradle\native\e1d6ef7f7dcc3fd88c89a11ec53ec762bb8ba0a96d01ffa2cd45eb1d1d8dd5c5\windows-amd64

VM Arguments:
jvm_args: -Dorg.gradle.appname=gradlew 
java_command: org.gradle.wrapper.GradleWrapperMain -q -Ptarget-platform=android-x86 -Ptarget=D:\mobileapp\lib\main.dart -Pbase-application-name=android.app.Application -Pdart-defines=RkxVVFRFUl9XRUJfQVVUT19ERVRFQ1Q9dHJ1ZQ==,RkxVVFRFUl9XRUJfQ0FOVkFTS0lUX1VSTD1odHRwczovL3d3dy5nc3RhdGljLmNvbS9mbHV0dGVyLWNhbnZhc2tpdC8zZjNlNTYwMjM2NTM5YjdlMjcwMmY1YWM3OTBiMmE0NjkxYjMyZDQ5Lw== -Pdart-obfuscation=false -Ptrack-widget-creation=true -Ptree-shake-icons=false -Pfilesystem-scheme=org-dartlang-root assembleDebug
java_class_path (initial): D:\mobileapp\android\\gradle\wrapper\gradle-wrapper.jar
Launcher Type: SUN_STANDARD

[Global flags]
     intx CICompilerCount                          = 4                                         {product} {ergonomic}
     uint ConcGCThreads                            = 2                                         {product} {ergonomic}
     uint G1ConcRefinementThreads                  = 8                                         {product} {ergonomic}
   size_t G1HeapRegionSize                         = 1048576                                   {product} {ergonomic}
    uintx GCDrainStackTargetSize                   = 64                                        {product} {ergonomic}
   size_t InitialHeapSize                          = 132120576                                 {product} {ergonomic}
   size_t MarkStackSize                            = 4194304                                   {product} {ergonomic}
   size_t MaxHeapSize                              = 2090860544                                {product} {ergonomic}
   size_t MaxNewSize                               = 1254096896                                {product} {ergonomic}
   size_t MinHeapDeltaBytes                        = 1048576                                   {product} {ergonomic}
   size_t MinHeapSize                              = 8388608                                   {product} {ergonomic}
    uintx NonNMethodCodeHeapSize                   = 5839372                                {pd product} {ergonomic}
    uintx NonProfiledCodeHeapSize                  = 122909434                              {pd product} {ergonomic}
    uintx ProfiledCodeHeapSize                     = 122909434                              {pd product} {ergonomic}
    uintx ReservedCodeCacheSize                    = 251658240                              {pd product} {ergonomic}
     bool SegmentedCodeCache                       = true                                      {product} {ergonomic}
   size_t SoftMaxHeapSize                          = 2090860544                             {manageable} {ergonomic}
     bool UseCompressedClassPointers               = true                           {product lp64_product} {ergonomic}
     bool UseCompressedOops                        = true                           {product lp64_product} {ergonomic}
     bool UseG1GC                                  = true                                      {product} {ergonomic}
     bool UseLargePagesIndividualAllocation        = false                                  {pd product} {ergonomic}

Logging:
Log output configuration:
 #0: stdout all=warning uptime,level,tags
 #1: stderr all=off uptime,level,tags

Environment Variables:
JAVA_HOME=C:\Program Files\Android\Android Studio\jbr
CLASSPATH=D:\mobileapp\android\\gradle\wrapper\gradle-wrapper.jar
PATH=C:\Program Files\Android\Android Studio\jbr\bin;C:\Python312\Scripts\;C:\Python312\;C:\Program Files\Common Files\Oracle\Java\javapath;C:\Windows\system32;C:\Windows;C:\Windows\System32\Wbem;C:\Windows\System32\WindowsPowerShell\v1.0\;C:\Windows\System32\OpenSSH\;C:\Users\Ajeesh Das\Downloads\flutter_windows_3.13.5-stable\flutter\bin;C:\Users\Ajeesh Das\Downloads\flutter_windows_3.13.5-stable\flutter\bin;C:\Program Files\Git\cmd;C:\Users\Ajeesh Das\AppData\Roaming\npm;C:\Program Files\nodejs\;C:\ProgramData\chocolatey\bin;C:\Users\Ajeesh Das\AppData\Local\Pub\Cache\bin;C:\Users\Ajeesh\AppData\Local\Pub\Cache\bin;C:\Users\Ajeesh Das\AppData\Roaming\npm;C:\Users\Ajeesh Das\OneDrive\Documents\flutter;C:\Users\Ajeesh Das\OneDrive\Documents\flutter\bin;C:\Users\Ajeesh\AppData\Local\Programs\Microsoft VS Code\bin;;C:\Users\Ajeesh Das\Downloads\flutter_windows_3.13.5-stable\flutter\bin\mingit\cmd;C:\Users\Ajeesh Das\Downloads\flutter_windows_3.13.5-stable\flutter\bin\mingit\cmd
USERNAME=Ajeesh Das
OS=Windows_NT
PROCESSOR_IDENTIFIER=Intel64 Family 6 Model 140 Stepping 1, GenuineIntel
TMP=C:\Users\AJEESH~1\AppData\Local\Temp
TEMP=C:\Users\AJEESH~1\AppData\Local\Temp


JNI global refs:
JNI global refs: 19, weak refs: 0

JNI global refs memory usage: 843, weak refs: 209


---------------  S Y S T E M  ---------------

OS:
 Windows 11 , 64 bit Build 22621 (10.0.22621.3527)
OS uptime: 1 days 22:14 hours
Hyper-V role detected

CPU: total 8 (initial active 8) (4 cores per cpu, 2 threads per core) family 6 model 140 stepping 1 microcode 0xa6, cx8, cmov, fxsr, ht, mmx, 3dnowpref, sse, sse2, sse3, ssse3, sse4.1, sse4.2, popcnt, lzcnt, tsc, tscinvbit, avx, avx2, aes, erms, clmul, bmi1, bmi2, adx, avx512f, avx512dq, avx512cd, avx512bw, avx512vl, sha, fma, vzeroupper, avx512_vpopcntdq, avx512_vpclmulqdq, avx512_vaes, avx512_vnni, clflush, clflushopt, clwb, avx512_vbmi2, avx512_vbmi, hv

Memory: 4k page, system-wide physical 7975M (322M free)
TotalPageFile size 32551M (AvailPageFile size 8M)
current process WorkingSet (physical memory assigned to process): 53M, peak: 97M
current process commit charge ("private bytes"): 226M, peak: 229M

vm_info: OpenJDK 64-Bit Server VM (17.0.6+0-b2043.56-10027231) for windows-amd64 JRE (17.0.6+0-b2043.56-10027231), built on Apr 28 2023 00:43:19 by "androidbuild" with MS VC++ 16.10 / 16.11 (VS2019)

END.
